<?xml version="1.0" encoding="UTF-8"?>
<robot generator="Robot 6.0.2 (Python 3.9.6 on darwin)" generated="20230418 09:49:20.859" rpa="false" schemaversion="3">
<suite id="s1" name="xxxxx">
<test id="s1-t1" name="Infinite Loop">
<kw name="Wait Until Keyword Succeeds" library="BuiltIn">
<arg>0.1 seconds</arg>
<arg>2 seconds</arg>
<arg>True</arg>
<doc>Runs the specified keyword and retries if it fails.</doc>
<kw name="True">
<msg timestamp="20230418 09:49:20.907" level="FAIL">No keyword with name 'True' found.</msg>
<status status="FAIL" starttime="20230418 09:49:20.907" endtime="20230418 09:49:20.907"/>
</kw>
<kw name="True">
<msg timestamp="20230418 09:49:22.912" level="FAIL">No keyword with name 'True' found.</msg>
<status status="FAIL" starttime="20230418 09:49:22.911" endtime="20230418 09:49:22.912"/>
</kw>
<msg timestamp="20230418 09:49:22.912" level="FAIL">Keyword 'True' failed after retrying for 100 milliseconds. The last error was: No keyword with name 'True' found.</msg>
<status status="FAIL" starttime="20230418 09:49:20.903" endtime="20230418 09:49:22.912"/>
</kw>
<status status="FAIL" starttime="20230418 09:49:20.902" endtime="20230418 09:49:22.913">Keyword 'True' failed after retrying for 100 milliseconds. The last error was: No keyword with name 'True' found.</status>
</test>
<status status="FAIL" starttime="20230418 09:49:20.861" endtime="20230418 09:49:22.914"/>
</suite>
<statistics>
<total>
<stat pass="0" fail="1" skip="0">All Tests</stat>
</total>
<tag>
</tag>
<suite>
<stat pass="0" fail="1" skip="0" id="s1" name="xxxxx">xxxxx</stat>
</suite>
</statistics>
<errors>
</errors>
</robot>
